<?xml version="1.0" encoding="UTF-8"?>
<!-- Generated by org.testng.reporters.JUnitReportReporter -->
<testsuite skipped="0" hostname="DESKTOP-K2L4EEU" name="Project1.Javacsa" tests="1" failures="0" timestamp="14 Jan 2022 08:00:35 GMT" time="0.016" errors="0">
  <testcase name="test1" time="0.016" classname="Project1.Javacsa"/>
</testsuite> <!-- Project1.Javacsa -->
